> Task :app:preBuild UP-TO-DATE
> Task :app:preDebugBuild UP-TO-DATE
> Task :app:mergeDebugNativeDebugMetadata NO-SOURCE
> Task :app:checkKotlinGradlePluginConfigurationErrors
> Task :app:checkDebugAarMetadata UP-TO-DATE
> Task :app:generateDebugResValues UP-TO-DATE
> Task :app:mapDebugSourceSetPaths UP-TO-DATE
> Task :app:generateDebugResources UP-TO-DATE
> Task :app:mergeDebugResources UP-TO-DATE
> Task :app:packageDebugResources UP-TO-DATE
> Task :app:parseDebugLocalResources UP-TO-DATE
> Task :app:createDebugCompatibleScreenManifests UP-TO-DATE
> Task :app:extractDeepLinksDebug UP-TO-DATE
> Task :app:processDebugMainManifest FAILED
.\gradlew.bat : 
所在位置 行:1 字符: 1
+ .\gradlew.bat assem
bleDebug --console=pl
ain 2>&1 | Out-File -
FilePath ...
+ ~~~~~~~~~~~~~~~~~~~
~~~~~~~~~~~~~~~~~~~~~
~~~~~~~~
    + CategoryInfo   
           : NotSpe  
  cified: (:String   
 ) [], RemoteExce    
ption
    + FullyQualified 
   ErrorId : Native  
  CommandError
 
FAILURE: Build failed
 with an exception.

* What went wrong:
Execution failed for 
task ':app:processDeb
ugMainManifest'.
> java.nio.file.Acces
sDeniedException: D:\
MyApplication3\app\bu
ild\intermediates\man
ifest_merge_blame_fil
e\debug\processDebugM
ainManifest\manifest-
merger-blame-debug-re
port.txt

* Try:
> Run with --stacktra
ce option to get the 
stack trace.
> Run with --info or 
--debug option to get
 more log output.
> Run with --scan to 
get full insights.
> Get more help at ht
tps://help.gradle.org
.

BUILD FAILED in 1s
11 actionable tasks: 2 executed, 9 up-to-date
